<?xml version="1.0" encoding="UTF-8"?>
<!-- Generated by org.testng.reporters.JUnitReportReporter -->
<testsuite hostname="CHANDRAKANTH" failures="0" tests="1" name="Computers.TC_002_Test" time="5.141" errors="0" timestamp="2025-03-30T09:36:06 IST" skipped="0">
  <testcase classname="Computers.TC_002_Test" name="ClickOnComputers" time="5.141"/>
</testsuite> <!-- Computers.TC_002_Test -->
